<?xml version="1.0" encoding="UTF-8"?><testrun name="java" project="jagora-test" tests="89" started="89" failures="2" errors="0" ignored="1">
  <testsuite name="uk.ac.glasgow.jagora.test.impl.DefaultStockTest" time="0.0">
    <testcase name="testGetName" classname="uk.ac.glasgow.jagora.test.impl.DefaultStockTest" time="0.0"/>
  </testsuite>
  <testsuite name="uk.ac.glasgow.jagora.test.impl.ContinuousOrderDrivenMarketTest" incomplete="true">
    <testsuite name="uk.ac.glasgow.jagora.test.impl.ContinuousOrderDrivenMarketTest.TestAsMarket" incomplete="true">
      <testcase name="testGetBestOffer" classname="uk.ac.glasgow.jagora.test.impl.ContinuousOrderDrivenMarketTest.TestAsMarket" incomplete="true"/>
      <testcase name="testGetStock" classname="uk.ac.glasgow.jagora.test.impl.ContinuousOrderDrivenMarketTest.TestAsMarket" incomplete="true"/>
      <testcase name="testCancelSellOrder" classname="uk.ac.glasgow.jagora.test.impl.ContinuousOrderDrivenMarketTest.TestAsMarket" incomplete="true"/>
      <testcase name="testDoClearing" classname="uk.ac.glasgow.jagora.test.impl.ContinuousOrderDrivenMarketTest.TestAsMarket" incomplete="true"/>
      <testcase name="testGetBestBid" classname="uk.ac.glasgow.jagora.test.impl.ContinuousOrderDrivenMarketTest.TestAsMarket" incomplete="true"/>
      <testcase name="testCancelBuyOrder" classname="uk.ac.glasgow.jagora.test.impl.ContinuousOrderDrivenMarketTest.TestAsMarket" incomplete="true"/>
      <testcase name="testPlaceSellOrder" classname="uk.ac.glasgow.jagora.test.impl.ContinuousOrderDrivenMarketTest.TestAsMarket" incomplete="true"/>
      <testcase name="testPlaceBuyOrder" classname="uk.ac.glasgow.jagora.test.impl.ContinuousOrderDrivenMarketTest.TestAsMarket" incomplete="true"/>
    </testsuite>
  </testsuite>
  <testsuite name="uk.ac.glasgow.jagora.test.impl.DefaultOrderBookTest" time="0.014">
    <testcase name="testGetBestOrder" classname="uk.ac.glasgow.jagora.test.impl.DefaultOrderBookTest" time="0.003"/>
    <testcase name="testRecordOrder" classname="uk.ac.glasgow.jagora.test.impl.DefaultOrderBookTest" time="0.0"/>
    <testcase name="testGetOrdersAsList" classname="uk.ac.glasgow.jagora.test.impl.DefaultOrderBookTest" time="0.006">
      <failure>java.lang.AssertionError: expected:&lt;1.0&gt; but was:&lt;0.5&gt;
	at org.junit.Assert.fail(Assert.java:88)
	at org.junit.Assert.failNotEquals(Assert.java:743)
	at org.junit.Assert.assertEquals(Assert.java:494)
	at org.junit.Assert.assertEquals(Assert.java:592)
	at uk.ac.glasgow.jagora.test.OrderBookTest.testGetOrdersAsList(OrderBookTest.java:44)
	at sun.reflect.NativeMethodAccessorImpl.invoke0(Native Method)
	at sun.reflect.NativeMethodAccessorImpl.invoke(NativeMethodAccessorImpl.java:62)
	at sun.reflect.DelegatingMethodAccessorImpl.invoke(DelegatingMethodAccessorImpl.java:43)
	at java.lang.reflect.Method.invoke(Method.java:498)
	at org.junit.runners.model.FrameworkMethod$1.runReflectiveCall(FrameworkMethod.java:47)
	at org.junit.internal.runners.model.ReflectiveCallable.run(ReflectiveCallable.java:12)
	at org.junit.runners.model.FrameworkMethod.invokeExplosively(FrameworkMethod.java:44)
	at org.junit.internal.runners.statements.InvokeMethod.evaluate(InvokeMethod.java:17)
	at org.junit.internal.runners.statements.RunBefores.evaluate(RunBefores.java:26)
	at org.junit.runners.ParentRunner.runLeaf(ParentRunner.java:271)
	at org.junit.runners.BlockJUnit4ClassRunner.runChild(BlockJUnit4ClassRunner.java:70)
	at org.junit.runners.BlockJUnit4ClassRunner.runChild(BlockJUnit4ClassRunner.java:50)
	at org.junit.runners.ParentRunner$3.run(ParentRunner.java:238)
	at org.junit.runners.ParentRunner$1.schedule(ParentRunner.java:63)
	at org.junit.runners.ParentRunner.runChildren(ParentRunner.java:236)
	at org.junit.runners.ParentRunner.access$000(ParentRunner.java:53)
	at org.junit.runners.ParentRunner$2.evaluate(ParentRunner.java:229)
	at org.junit.runners.ParentRunner.run(ParentRunner.java:309)
	at org.eclipse.jdt.internal.junit4.runner.JUnit4TestReference.run(JUnit4TestReference.java:86)
	at org.eclipse.jdt.internal.junit.runner.TestExecution.run(TestExecution.java:38)
	at org.eclipse.jdt.internal.junit.runner.RemoteTestRunner.runTests(RemoteTestRunner.java:459)
	at org.eclipse.jdt.internal.junit.runner.RemoteTestRunner.runTests(RemoteTestRunner.java:675)
	at org.eclipse.jdt.internal.junit.runner.RemoteTestRunner.run(RemoteTestRunner.java:382)
	at org.eclipse.jdt.internal.junit.runner.RemoteTestRunner.main(RemoteTestRunner.java:192)

</failure>
    </testcase>
    <testcase name="testEmptyInitialOrderBook" classname="uk.ac.glasgow.jagora.test.impl.DefaultOrderBookTest" time="0.0"/>
    <testcase name="testCancelOrder" classname="uk.ac.glasgow.jagora.test.impl.DefaultOrderBookTest" time="0.004"/>
  </testsuite>
  <testsuite name="uk.ac.glasgow.jagora.test.impl.LimitSellOrderTest" time="0.018">
    <testcase name="testGetPrice" classname="uk.ac.glasgow.jagora.test.impl.LimitSellOrderTest" time="0.002"/>
    <testcase name="testCompareTo" classname="uk.ac.glasgow.jagora.test.impl.LimitSellOrderTest" time="0.008"/>
    <testcase name="testTraderDeducted" classname="uk.ac.glasgow.jagora.test.impl.LimitSellOrderTest" time="0.001"/>
    <testcase name="testTraderRolledBack" classname="uk.ac.glasgow.jagora.test.impl.LimitSellOrderTest" time="0.0"/>
    <testcase name="testRollBackTrade" classname="uk.ac.glasgow.jagora.test.impl.LimitSellOrderTest" time="0.001"/>
    <testcase name="testNotEqualsOrder" classname="uk.ac.glasgow.jagora.test.impl.LimitSellOrderTest" time="0.0"/>
    <testcase name="testIsEquals" classname="uk.ac.glasgow.jagora.test.impl.LimitSellOrderTest" time="0.001"/>
    <testcase name="testDifferentOrdersSamePrice" classname="uk.ac.glasgow.jagora.test.impl.LimitSellOrderTest" time="0.0"/>
    <testcase name="testNotEqualsDifferentTypes" classname="uk.ac.glasgow.jagora.test.impl.LimitSellOrderTest" time="0.001"/>
    <testcase name="testSatisfyTrade" classname="uk.ac.glasgow.jagora.test.impl.LimitSellOrderTest" time="0.001"/>
    <testcase name="testNotEqualsNull" classname="uk.ac.glasgow.jagora.test.impl.LimitSellOrderTest" time="0.0"/>
    <testcase name="testNullPriceEquals" classname="uk.ac.glasgow.jagora.test.impl.LimitSellOrderTest" time="0.003"/>
  </testsuite>
  <testsuite name="uk.ac.glasgow.jagora.test.impl.LimitBuyOrderTest" time="0.009">
    <testcase name="testGetPrice" classname="uk.ac.glasgow.jagora.test.impl.LimitBuyOrderTest" time="0.001"/>
    <testcase name="testCompareTo" classname="uk.ac.glasgow.jagora.test.impl.LimitBuyOrderTest" time="0.001"/>
    <testcase name="testTraderCredited" classname="uk.ac.glasgow.jagora.test.impl.LimitBuyOrderTest" time="0.0"/>
    <testcase name="testTraderRolledBack" classname="uk.ac.glasgow.jagora.test.impl.LimitBuyOrderTest" time="0.001"/>
    <testcase name="testRollBackTrade" classname="uk.ac.glasgow.jagora.test.impl.LimitBuyOrderTest" time="0.001"/>
    <testcase name="testNotEqualsOrder" classname="uk.ac.glasgow.jagora.test.impl.LimitBuyOrderTest" time="0.0"/>
    <testcase name="testIsEquals" classname="uk.ac.glasgow.jagora.test.impl.LimitBuyOrderTest" time="0.001"/>
    <testcase name="testDifferentOrdersSamePrice" classname="uk.ac.glasgow.jagora.test.impl.LimitBuyOrderTest" time="0.0"/>
    <testcase name="testNotEqualsDifferentTypes" classname="uk.ac.glasgow.jagora.test.impl.LimitBuyOrderTest" time="0.0"/>
    <testcase name="testSatisfyTrade" classname="uk.ac.glasgow.jagora.test.impl.LimitBuyOrderTest" time="0.001"/>
    <testcase name="testNotEqualsNull" classname="uk.ac.glasgow.jagora.test.impl.LimitBuyOrderTest" time="0.0"/>
    <testcase name="testNullPriceEquals" classname="uk.ac.glasgow.jagora.test.impl.LimitBuyOrderTest" time="0.003"/>
  </testsuite>
  <testsuite name="uk.ac.glasgow.jagora.test.impl.ContinuousOrderDrivenMarketTest.TestAsMarket" time="0.105">
    <testcase name="testGetBestOffer" classname="uk.ac.glasgow.jagora.test.impl.ContinuousOrderDrivenMarketTest.TestAsMarket" time="0.001"/>
    <testcase name="testGetStock" classname="uk.ac.glasgow.jagora.test.impl.ContinuousOrderDrivenMarketTest.TestAsMarket" time="0.0"/>
    <testcase name="testCancelSellOrder" classname="uk.ac.glasgow.jagora.test.impl.ContinuousOrderDrivenMarketTest.TestAsMarket" time="0.001"/>
    <testcase name="testDoClearing" classname="uk.ac.glasgow.jagora.test.impl.ContinuousOrderDrivenMarketTest.TestAsMarket" time="0.01"/>
    <testcase name="testGetBestBid" classname="uk.ac.glasgow.jagora.test.impl.ContinuousOrderDrivenMarketTest.TestAsMarket" time="0.001"/>
    <testcase name="testCancelBuyOrder" classname="uk.ac.glasgow.jagora.test.impl.ContinuousOrderDrivenMarketTest.TestAsMarket" time="0.0"/>
    <testcase name="testPlaceSellOrder" classname="uk.ac.glasgow.jagora.test.impl.ContinuousOrderDrivenMarketTest.TestAsMarket" time="0.002"/>
    <testcase name="testPlaceBuyOrder" classname="uk.ac.glasgow.jagora.test.impl.ContinuousOrderDrivenMarketTest.TestAsMarket" time="0.003"/>
  </testsuite>
  <testcase name="uk.ac.glasgow.jagora.test.ObserverDesignPatternTest" classname="uk.ac.glasgow.jagora.test.ObserverDesignPatternTest" time="0.0" ignored="true"/>
  <testsuite name="uk.ac.glasgow.jagora.test.impl.DefaultWorldTest" time="0.003">
    <testcase name="test" classname="uk.ac.glasgow.jagora.test.impl.DefaultWorldTest" time="0.003"/>
  </testsuite>
  <testsuite name="uk.ac.glasgow.jagora.test.impl.DefaultTraderTest" time="0.008">
    <testcase name="testBadBuyStockAtLimit" classname="uk.ac.glasgow.jagora.test.impl.DefaultTraderTest" time="0.004"/>
    <testcase name="testSellStock" classname="uk.ac.glasgow.jagora.test.impl.DefaultTraderTest" time="0.001"/>
    <testcase name="testGetCash" classname="uk.ac.glasgow.jagora.test.impl.DefaultTraderTest" time="0.0"/>
    <testcase name="testGetName" classname="uk.ac.glasgow.jagora.test.impl.DefaultTraderTest" time="0.0"/>
    <testcase name="testBuyStock" classname="uk.ac.glasgow.jagora.test.impl.DefaultTraderTest" time="0.0"/>
    <testcase name="testGetInventoryHolding" classname="uk.ac.glasgow.jagora.test.impl.DefaultTraderTest" time="0.0"/>
    <testcase name="testBadBuyStock" classname="uk.ac.glasgow.jagora.test.impl.DefaultTraderTest" time="0.0"/>
    <testcase name="testBadSellStock" classname="uk.ac.glasgow.jagora.test.impl.DefaultTraderTest" time="0.0"/>
    <testcase name="testGetTradingStocks" classname="uk.ac.glasgow.jagora.test.impl.DefaultTraderTest" time="0.003"/>
  </testsuite>
  <testsuite name="uk.ac.glasgow.jagora.test.impl.DefaultStockExchangeTest" time="0.019">
    <testcase name="testGetBestOffer" classname="uk.ac.glasgow.jagora.test.impl.DefaultStockExchangeTest" time="0.001"/>
    <testcase name="testCancelSellOrder" classname="uk.ac.glasgow.jagora.test.impl.DefaultStockExchangeTest" time="0.0"/>
    <testcase name="testDoClearing" classname="uk.ac.glasgow.jagora.test.impl.DefaultStockExchangeTest" time="0.003"/>
    <testcase name="testGetBestBid" classname="uk.ac.glasgow.jagora.test.impl.DefaultStockExchangeTest" time="0.0"/>
    <testcase name="testCancelBuyOrder" classname="uk.ac.glasgow.jagora.test.impl.DefaultStockExchangeTest" time="0.001"/>
    <testcase name="testPlaceSellOrder" classname="uk.ac.glasgow.jagora.test.impl.DefaultStockExchangeTest" time="0.0"/>
    <testcase name="testGetTradeHistory" classname="uk.ac.glasgow.jagora.test.impl.DefaultStockExchangeTest" time="0.013"/>
    <testcase name="testPlaceBuyOrder" classname="uk.ac.glasgow.jagora.test.impl.DefaultStockExchangeTest" time="0.001"/>
  </testsuite>
  <testsuite name="uk.ac.glasgow.jagora.test.impl.RandomTraderTest" time="0.016">
    <testcase name="testSpeak" classname="uk.ac.glasgow.jagora.test.impl.RandomTraderTest" time="0.013"/>
    <testcase name="testBadBuyStockAtLimit" classname="uk.ac.glasgow.jagora.test.impl.RandomTraderTest" time="0.0"/>
    <testcase name="testSellStock" classname="uk.ac.glasgow.jagora.test.impl.RandomTraderTest" time="0.0"/>
    <testcase name="testGetCash" classname="uk.ac.glasgow.jagora.test.impl.RandomTraderTest" time="0.001"/>
    <testcase name="testGetName" classname="uk.ac.glasgow.jagora.test.impl.RandomTraderTest" time="0.0"/>
    <testcase name="testBuyStock" classname="uk.ac.glasgow.jagora.test.impl.RandomTraderTest" time="0.001"/>
    <testcase name="testGetInventoryHolding" classname="uk.ac.glasgow.jagora.test.impl.RandomTraderTest" time="0.0"/>
    <testcase name="testBadBuyStock" classname="uk.ac.glasgow.jagora.test.impl.RandomTraderTest" time="0.0"/>
    <testcase name="testBadSellStock" classname="uk.ac.glasgow.jagora.test.impl.RandomTraderTest" time="0.001"/>
    <testcase name="testGetTradingStocks" classname="uk.ac.glasgow.jagora.test.impl.RandomTraderTest" time="0.0"/>
  </testsuite>
  <testsuite name="uk.ac.glasgow.jagora.test.impl.ConcreteObserverTest" time="0.003">
    <testcase name="testDoClearing" classname="uk.ac.glasgow.jagora.test.impl.ConcreteObserverTest" time="0.003">
      <failure>java.lang.AssertionError: expected:&lt;1&gt; but was:&lt;4&gt;
	at org.junit.Assert.fail(Assert.java:88)
	at org.junit.Assert.failNotEquals(Assert.java:743)
	at org.junit.Assert.assertEquals(Assert.java:118)
	at org.junit.Assert.assertEquals(Assert.java:555)
	at org.junit.Assert.assertEquals(Assert.java:542)
	at uk.ac.glasgow.jagora.test.ObserverDesignPatternTest.testDoClearing(ObserverDesignPatternTest.java:33)
	at sun.reflect.NativeMethodAccessorImpl.invoke0(Native Method)
	at sun.reflect.NativeMethodAccessorImpl.invoke(NativeMethodAccessorImpl.java:62)
	at sun.reflect.DelegatingMethodAccessorImpl.invoke(DelegatingMethodAccessorImpl.java:43)
	at java.lang.reflect.Method.invoke(Method.java:498)
	at org.junit.runners.model.FrameworkMethod$1.runReflectiveCall(FrameworkMethod.java:47)
	at org.junit.internal.runners.model.ReflectiveCallable.run(ReflectiveCallable.java:12)
	at org.junit.runners.model.FrameworkMethod.invokeExplosively(FrameworkMethod.java:44)
	at org.junit.internal.runners.statements.InvokeMethod.evaluate(InvokeMethod.java:17)
	at org.junit.internal.runners.statements.RunBefores.evaluate(RunBefores.java:26)
	at org.junit.runners.ParentRunner.runLeaf(ParentRunner.java:271)
	at org.junit.runners.BlockJUnit4ClassRunner.runChild(BlockJUnit4ClassRunner.java:70)
	at org.junit.runners.BlockJUnit4ClassRunner.runChild(BlockJUnit4ClassRunner.java:50)
	at org.junit.runners.ParentRunner$3.run(ParentRunner.java:238)
	at org.junit.runners.ParentRunner$1.schedule(ParentRunner.java:63)
	at org.junit.runners.ParentRunner.runChildren(ParentRunner.java:236)
	at org.junit.runners.ParentRunner.access$000(ParentRunner.java:53)
	at org.junit.runners.ParentRunner$2.evaluate(ParentRunner.java:229)
	at org.junit.runners.ParentRunner.run(ParentRunner.java:309)
	at org.eclipse.jdt.internal.junit4.runner.JUnit4TestReference.run(JUnit4TestReference.java:86)
	at org.eclipse.jdt.internal.junit.runner.TestExecution.run(TestExecution.java:38)
	at org.eclipse.jdt.internal.junit.runner.RemoteTestRunner.runTests(RemoteTestRunner.java:459)
	at org.eclipse.jdt.internal.junit.runner.RemoteTestRunner.runTests(RemoteTestRunner.java:675)
	at org.eclipse.jdt.internal.junit.runner.RemoteTestRunner.run(RemoteTestRunner.java:382)
	at org.eclipse.jdt.internal.junit.runner.RemoteTestRunner.main(RemoteTestRunner.java:192)

</failure>
    </testcase>
  </testsuite>
  <testsuite name="uk.ac.glasgow.jagora.test.impl.DefaultTickEventTest" time="0.004">
    <testcase name="testGetEvent" classname="uk.ac.glasgow.jagora.test.impl.DefaultTickEventTest" time="0.0"/>
    <testcase name="testCompareToEquals" classname="uk.ac.glasgow.jagora.test.impl.DefaultTickEventTest" time="0.001"/>
    <testcase name="testGetTick" classname="uk.ac.glasgow.jagora.test.impl.DefaultTickEventTest" time="0.002"/>
    <testcase name="testCompareToLessThan" classname="uk.ac.glasgow.jagora.test.impl.DefaultTickEventTest" time="0.0"/>
    <testcase name="testCompareToGreaterThan" classname="uk.ac.glasgow.jagora.test.impl.DefaultTickEventTest" time="0.001"/>
  </testsuite>
  <testsuite name="uk.ac.glasgow.jagora.test.impl.DefaultStockExchangeAndTraderTest" time="0.003">
    <testcase name="testBadBuyOrder" classname="uk.ac.glasgow.jagora.test.impl.DefaultStockExchangeAndTraderTest" time="0.001"/>
    <testcase name="testBadSellOrder" classname="uk.ac.glasgow.jagora.test.impl.DefaultStockExchangeAndTraderTest" time="0.002"/>
  </testsuite>
  <testsuite name="uk.ac.glasgow.jagora.test.impl.DefaultTradeTest" time="0.002">
    <testcase name="testGetPrice" classname="uk.ac.glasgow.jagora.test.impl.DefaultTradeTest" time="0.0"/>
    <testcase name="testGetStock" classname="uk.ac.glasgow.jagora.test.impl.DefaultTradeTest" time="0.001"/>
    <testcase name="testExecuteFillsBuyOrder" classname="uk.ac.glasgow.jagora.test.impl.DefaultTradeTest" time="0.0"/>
    <testcase name="testExecuteFillsSellOrder" classname="uk.ac.glasgow.jagora.test.impl.DefaultTradeTest" time="0.001"/>
    <testcase name="testGetQuantity" classname="uk.ac.glasgow.jagora.test.impl.DefaultTradeTest" time="0.0"/>
    <testcase name="testExecuteCreatesTick" classname="uk.ac.glasgow.jagora.test.impl.DefaultTradeTest" time="0.0"/>
  </testsuite>
</testrun>
